<?xml version="1.0" encoding="UTF-8"?>
<!-- Generated by org.testng.reporters.JUnitReportReporter -->
<testsuite hostname="MTVL142ab8b09.local" name="com.intuit.ipp.interceptors.PrepareRequestInterceptorTest" tests="8" failures="0" timestamp="5 May 2016 23:05:07 GMT" time="0.084" errors="0">
  <testcase name="testExecute_QBO_URI" time="0.074" classname="com.intuit.ipp.interceptors.PrepareRequestInterceptorTest"/>
  <testcase name="testPrepareDataServiceRequestForPDF_SmallCaps" time="0.002" classname="com.intuit.ipp.interceptors.PrepareRequestInterceptorTest"/>
  <testcase name="testPrepareDataServiceRequestForPDF_BigCaps" time="0.002" classname="com.intuit.ipp.interceptors.PrepareRequestInterceptorTest"/>
  <testcase name="testPrepareDataServiceRequestForSendMailViaAddress_SmallCaps" time="0.001" classname="com.intuit.ipp.interceptors.PrepareRequestInterceptorTest"/>
  <testcase name="testPrepareDataServiceRequestForSendMailViaAddress_CamelCaps" time="0.001" classname="com.intuit.ipp.interceptors.PrepareRequestInterceptorTest"/>
  <testcase name="testPrepareDataServiceRequestForSendMail_BigCaps" time="0.001" classname="com.intuit.ipp.interceptors.PrepareRequestInterceptorTest"/>
  <testcase name="testPrepareDataServiceRequestForSendMail_SmallCaps" time="0.002" classname="com.intuit.ipp.interceptors.PrepareRequestInterceptorTest"/>
  <testcase name="testPrepareDataServiceRequestForVoid" time="0.001" classname="com.intuit.ipp.interceptors.PrepareRequestInterceptorTest"/>
</testsuite> <!-- com.intuit.ipp.interceptors.PrepareRequestInterceptorTest -->
